Arguments: 
  C:\Program Files\nodejs\node.exe C:\Users\USER\AppData\Roaming\npm\node_modules\yarn\bin\yarn.js init

PATH: 
  C:\Users\USER\bin;C:\Program Files\Git\mingw64\bin;C:\Program Files\Git\usr\local\bin;C:\Program Files\Git\usr\bin;C:\Program Files\Git\usr\bin;C:\Program Files\Git\mingw64\bin;C:\Program Files\Git\usr\bin;C:\Users\USER\bin;C:\Program Files\Docker\Docker\Resources\bin;C:\ProgramData\Oracle\Java\javapath;C:\Python27\Lib\site-packages\PyQt4;C:\WINDOWS\system32;C:\WINDOWS;C:\WINDOWS\System32\Wbem;C:\WINDOWS\System32\WindowsPowerShell\v1.0;C:\Program Files\Intel\DMIX;C:\HaxeToolkit\haxe;C:\HaxeToolkit\neko;C:\Program Files\Git\cmd;C:\Program Files (x86)\Skype\Phone;C:\Python27;C:\Python27\DLLs;C:\Python27\Scripts;C:\Python27\gnuplot\binary;C:\Program Files (x86)\pythonxy\SciTE-3.5.1-4;C:\Program Files (x86)\pythonxy\console;C:\WINDOWS\system32\config\systemprofile\.dnx\bin;C:\Program Files\Microsoft DNX\Dnvm;C:\Program Files\Microsoft SQL Server\130\Tools\Binn;C:\chicken-iup\bin;C:\chicken-iup\lib;C:\Program Files (x86)\Chicken Scheme\bin;C:\HashiCorp\Vagrant\bin;C:\Program Files (x86)\Calibre2;C:\Program Files (x86)\PDFtk\bin;C:\Program Files\nodejs;C:\WINDOWS\System32\OpenSSH;C:\Program Files (x86)\Microsoft VS Code\bin;C:\Ruby25-x64\bin;C:\PROGRA~2\Gambit\V48~1.5\bin;C:\Users\USER\AppData\Local\atom\bin;C:\Program Files (x86)\Microsoft VS Code\bin;C:\Users\USER\.lein\bin;C:\Users\USER\AppData\Local\Microsoft\WindowsApps;C:\Program Files\Docker Toolbox;C:\Users\USER\AppData\Roaming\npm;C:\Users\USER\AppData\Local\Microsoft\WindowsApps;C:\Program Files\Git\usr\bin\vendor_perl;C:\Program Files\Git\usr\bin\core_perl

Yarn version: 
  0.24.4

Node version: 
  9.7.1

Platform: 
  win32 x64

npm manifest: 
  No manifest

yarn manifest: 
  No manifest

Lockfile: 
  No lockfile

Trace: 
  Error: Can't answer a question unless a user TTY
      at ConsoleReporter.question (C:\Users\USER\AppData\Roaming\npm\node_modules\yarn\lib\reporters\console\console-reporter.js:216:29)
      at Object.<anonymous> (C:\Users\USER\AppData\Roaming\npm\node_modules\yarn\lib\cli\commands\init.js:115:38)
      at Generator.next (<anonymous>)
      at step (C:\Users\USER\AppData\Roaming\npm\node_modules\yarn\node_modules\babel-runtime\helpers\asyncToGenerator.js:17:30)
      at C:\Users\USER\AppData\Roaming\npm\node_modules\yarn\node_modules\babel-runtime\helpers\asyncToGenerator.js:28:13
      at <anonymous>
